[13-Apr-2017 21:22:01 UTC] PHP Warning:  mysqli_connect(): (HY000/1045): Access denied for user 'root'@'localhost' (using password: YES) in /home/ubuntu/workspace/dbh.php on line 2
[13-Apr-2017 21:22:01 UTC] PHP Stack trace:
[13-Apr-2017 21:22:01 UTC] PHP   1. {main}() /home/ubuntu/workspace/includes/login.inc.php:0
[13-Apr-2017 21:22:01 UTC] PHP   2. include() /home/ubuntu/workspace/includes/login.inc.php:4
[13-Apr-2017 21:22:01 UTC] PHP   3. mysqli_connect() /home/ubuntu/workspace/dbh.php:2
[13-Apr-2017 21:32:54 UTC] PHP Warning:  mysqli_connect(): (HY000/1045): Access denied for user 'root'@'localhost' (using password: YES) in /home/ubuntu/workspace/dbh.php on line 2
[13-Apr-2017 21:32:54 UTC] PHP Stack trace:
[13-Apr-2017 21:32:54 UTC] PHP   1. {main}() /home/ubuntu/workspace/includes/login.inc.php:0
[13-Apr-2017 21:32:54 UTC] PHP   2. include() /home/ubuntu/workspace/includes/login.inc.php:4
[13-Apr-2017 21:32:54 UTC] PHP   3. mysqli_connect() /home/ubuntu/workspace/dbh.php:2
[13-Apr-2017 21:33:09 UTC] PHP Warning:  mysqli_connect(): (HY000/1045): Access denied for user 'root'@'localhost' (using password: YES) in /home/ubuntu/workspace/dbh.php on line 2
[13-Apr-2017 21:33:09 UTC] PHP Stack trace:
[13-Apr-2017 21:33:09 UTC] PHP   1. {main}() /home/ubuntu/workspace/includes/login.inc.php:0
[13-Apr-2017 21:33:09 UTC] PHP   2. include() /home/ubuntu/workspace/includes/login.inc.php:4
[13-Apr-2017 21:33:09 UTC] PHP   3. mysqli_connect() /home/ubuntu/workspace/dbh.php:2
[13-Apr-2017 21:33:44 UTC] PHP Fatal error:  Call to a member function fetch_assoc() on a non-object in /home/ubuntu/workspace/includes/login.inc.php on line 11
[13-Apr-2017 21:33:44 UTC] PHP Stack trace:
[13-Apr-2017 21:33:44 UTC] PHP   1. {main}() /home/ubuntu/workspace/includes/login.inc.php:0
[13-Apr-2017 21:42:46 UTC] PHP Warning:  mysqli_num_rows() expects parameter 1 to be mysqli_result, boolean given in /home/ubuntu/workspace/includes/signup.inc.php on line 34
[13-Apr-2017 21:42:46 UTC] PHP Stack trace:
[13-Apr-2017 21:42:46 UTC] PHP   1. {main}() /home/ubuntu/workspace/includes/signup.inc.php:0
[13-Apr-2017 21:42:46 UTC] PHP   2. mysqli_num_rows() /home/ubuntu/workspace/includes/signup.inc.php:34
[13-Apr-2017 21:42:53 UTC] PHP Fatal error:  Call to a member function fetch_assoc() on a non-object in /home/ubuntu/workspace/includes/login.inc.php on line 11
[13-Apr-2017 21:42:53 UTC] PHP Stack trace:
[13-Apr-2017 21:42:53 UTC] PHP   1. {main}() /home/ubuntu/workspace/includes/login.inc.php:0
[13-Apr-2017 21:43:45 UTC] PHP Fatal error:  Call to a member function fetch_assoc() on a non-object in /home/ubuntu/workspace/includes/login.inc.php on line 11
[13-Apr-2017 21:43:45 UTC] PHP Stack trace:
[13-Apr-2017 21:43:45 UTC] PHP   1. {main}() /home/ubuntu/workspace/includes/login.inc.php:0
[13-Apr-2017 21:44:02 UTC] PHP Fatal error:  Call to a member function fetch_assoc() on a non-object in /home/ubuntu/workspace/includes/login.inc.php on line 11
[13-Apr-2017 21:44:02 UTC] PHP Stack trace:
[13-Apr-2017 21:44:02 UTC] PHP   1. {main}() /home/ubuntu/workspace/includes/login.inc.php:0
